<?xml version="1.0" encoding="UTF-8"?>
<!-- Generated by org.testng.reporters.JUnitXMLReporter -->
<testsuite ignored="2" hostname="DESKTOP-I85U68Q" failures="0" tests="2" name="Test" time="4.214" errors="0" timestamp="2021-09-21T20:13:53 IST">
  <testcase classname="com.automation.test.HomePageTest" name="clickonTestAutomation" time="0.991"/>
  <testcase classname="com.automation.test.PracticeFormTest" name="textareaPractice" time="3.159"/>
  <testcase classname="com.automation.utils.BaseTest" name="@AfterSuite tearDown" time="0.0">
    <ignored/>
  </testcase> <!-- @AfterSuite tearDown -->
  <testcase classname="com.automation.utils.BaseTest" name="@BeforeSuite setup" time="0.0">
    <ignored/>
  </testcase> <!-- @BeforeSuite setup -->
</testsuite> <!-- Test -->
