<?xml version="1.0" encoding="UTF-8"?>
<testng-results ignored="2" total="4" passed="2" failed="0" skipped="0">
  <reporter-output>
  </reporter-output>
  <suite started-at="2021-09-21T20:13:49 IST" name="Suite" finished-at="2021-09-21T20:13:53 IST" duration-ms="4214">
    <groups>
    </groups>
    <test started-at="2021-09-21T20:13:49 IST" name="Test" finished-at="2021-09-21T20:13:53 IST" duration-ms="4214">
      <class name="com.automation.test.PracticeFormTest">
        <test-method signature="textareaPractice()[pri:0, instance:com.automation.test.PracticeFormTest@1a942c18]" started-at="2021-09-21T20:13:50 IST" name="textareaPractice" finished-at="2021-09-21T20:13:53 IST" duration-ms="3159" status="PASS">
          <reporter-output>
          </reporter-output>
        </test-method> <!-- textareaPractice -->
      </class> <!-- com.automation.test.PracticeFormTest -->
      <class name="com.automation.test.HomePageTest">
        <test-method is-config="true" signature="setup(java.lang.String,java.lang.String)[pri:0, instance:com.automation.test.HomePageTest@6574a52c]" started-at="2021-09-21T20:13:35 IST" name="setup" finished-at="2021-09-21T20:13:49 IST" duration-ms="14468" status="PASS">
          <params>
            <param index="0">
              <value>
                <![CDATA[chrome]]>
              </value>
            </param>
            <param index="1">
              <value>
                <![CDATA[regular]]>
              </value>
            </param>
          </params>
          <reporter-output>
          </reporter-output>
        </test-method> <!-- setup -->
        <test-method signature="clickonTestAutomation()[pri:0, instance:com.automation.test.HomePageTest@6574a52c]" started-at="2021-09-21T20:13:49 IST" name="clickonTestAutomation" finished-at="2021-09-21T20:13:50 IST" duration-ms="991" status="PASS">
          <reporter-output>
          </reporter-output>
        </test-method> <!-- clickonTestAutomation -->
        <test-method is-config="true" signature="tearDown()[pri:0, instance:com.automation.test.HomePageTest@6574a52c]" started-at="2021-09-21T20:13:53 IST" name="tearDown" finished-at="2021-09-21T20:13:55 IST" duration-ms="1694" status="PASS">
          <reporter-output>
          </reporter-output>
        </test-method> <!-- tearDown -->
      </class> <!-- com.automation.test.HomePageTest -->
    </test> <!-- Test -->
  </suite> <!-- Suite -->
</testng-results>
